<?xml version="1.0" encoding="UTF-8"?>
<testsuite name="org.example.ConverterTest" tests="5" skipped="0" failures="0" errors="0" timestamp="2022-11-24T09:36:20" hostname="DESKTOP-8C7OGUV" time="0.095">
  <properties/>
  <testcase name="Test exception on null id in entity" classname="org.example.ConverterTest" time="0.016"/>
  <testcase name="Test exception on same ids in entities" classname="org.example.ConverterTest" time="0.002"/>
  <testcase name="Linked list test with correct tree" classname="org.example.ConverterTest" time="0.073"/>
  <testcase name="Simple test with correct tree" classname="org.example.ConverterTest" time="0.001"/>
  <testcase name="Test exception on non-existent parent" classname="org.example.ConverterTest" time="0.002"/>
  <system-out><![CDATA[]]></system-out>
  <system-err><![CDATA[]]></system-err>
</testsuite>
